<?xml version="1.0" encoding="UTF-8"?>
<testng-results ignored="0" total="2" passed="2" failed="0" skipped="0">
  <reporter-output>
  </reporter-output>
  <suite started-at="2024-01-10T15:21:41 IST" name="Default suite" finished-at="2024-01-10T15:21:55 IST" duration-ms="13625">
    <groups>
    </groups>
    <test started-at="2024-01-10T15:21:41 IST" name="Default test" finished-at="2024-01-10T15:21:55 IST" duration-ms="13625">
      <class name="tests.LoginPageTest">
        <test-method is-config="true" signature="InitalizeExtentReport()[pri:0, instance:tests.LoginPageTest@231f98ef]" started-at="2024-01-10T15:21:41 IST" name="InitalizeExtentReport" finished-at="2024-01-10T15:21:41 IST" duration-ms="300" status="PASS">
          <reporter-output>
          </reporter-output>
        </test-method> <!-- InitalizeExtentReport -->
        <test-method is-config="true" signature="getnameMethod(org.testng.ITestContext)[pri:0, instance:tests.LoginPageTest@231f98ef]" started-at="2024-01-10T15:21:41 IST" name="getnameMethod" finished-at="2024-01-10T15:21:41 IST" duration-ms="12" status="PASS">
          <params>
            <param index="0">
              <value>
                <![CDATA[org.testng.TestRunner@443cdaa4]]>
              </value>
            </param>
          </params>
          <reporter-output>
          </reporter-output>
        </test-method> <!-- getnameMethod -->
        <test-method is-config="true" signature="openApplication()[pri:0, instance:tests.LoginPageTest@231f98ef]" started-at="2024-01-10T15:21:42 IST" name="openApplication" finished-at="2024-01-10T15:21:47 IST" duration-ms="5179" status="PASS">
          <reporter-output>
          </reporter-output>
        </test-method> <!-- openApplication -->
        <test-method signature="LoginUser(java.lang.String,java.lang.String)[pri:49, instance:tests.LoginPageTest@231f98ef]" started-at="2024-01-10T15:21:47 IST" name="LoginUser" data-provider="testdata" finished-at="2024-01-10T15:21:49 IST" duration-ms="1854" status="PASS">
          <params>
            <param index="0">
              <value>
                <![CDATA[Itest@test.com]]>
              </value>
            </param>
            <param index="1">
              <value>
                <![CDATA[Itest@test]]>
              </value>
            </param>
          </params>
          <reporter-output>
          </reporter-output>
        </test-method> <!-- LoginUser -->
        <test-method is-config="true" signature="generateTestStatus(java.lang.reflect.Method,org.testng.ITestResult)[pri:0, instance:tests.LoginPageTest@231f98ef]" started-at="2024-01-10T15:21:49 IST" name="generateTestStatus" finished-at="2024-01-10T15:21:49 IST" duration-ms="20" status="PASS">
          <params>
            <param index="0">
              <value>
                <![CDATA[public void tests.LoginPageTest.LoginUser(java.lang.String,java.lang.String)]]>
              </value>
            </param>
            <param index="1">
              <value>
                <![CDATA[[TestResult name=LoginUser status=SUCCESS method=LoginPageTest.LoginUser(java.lang.String,java.lang.String)[pri:49, instance:tests.LoginPageTest@231f98ef] output={null}]]]>
              </value>
            </param>
          </params>
          <reporter-output>
          </reporter-output>
        </test-method> <!-- generateTestStatus -->
        <test-method is-config="true" signature="openApplication()[pri:0, instance:tests.LoginPageTest@231f98ef]" started-at="2024-01-10T15:21:49 IST" name="openApplication" finished-at="2024-01-10T15:21:53 IST" duration-ms="4465" status="PASS">
          <reporter-output>
          </reporter-output>
        </test-method> <!-- openApplication -->
        <test-method signature="LoginUser(java.lang.String,java.lang.String)[pri:49, instance:tests.LoginPageTest@231f98ef]" started-at="2024-01-10T15:21:53 IST" name="LoginUser" data-provider="testdata" finished-at="2024-01-10T15:21:55 IST" duration-ms="1539" status="PASS">
          <params>
            <param index="0">
              <value>
                <![CDATA[demo1@gmail1.com]]>
              </value>
            </param>
            <param index="1">
              <value>
                <![CDATA[123456.0]]>
              </value>
            </param>
          </params>
          <reporter-output>
          </reporter-output>
        </test-method> <!-- LoginUser -->
        <test-method is-config="true" signature="generateTestStatus(java.lang.reflect.Method,org.testng.ITestResult)[pri:0, instance:tests.LoginPageTest@231f98ef]" started-at="2024-01-10T15:21:55 IST" name="generateTestStatus" finished-at="2024-01-10T15:21:55 IST" duration-ms="2" status="PASS">
          <params>
            <param index="0">
              <value>
                <![CDATA[public void tests.LoginPageTest.LoginUser(java.lang.String,java.lang.String)]]>
              </value>
            </param>
            <param index="1">
              <value>
                <![CDATA[[TestResult name=LoginUser status=SUCCESS method=LoginPageTest.LoginUser(java.lang.String,java.lang.String)[pri:49, instance:tests.LoginPageTest@231f98ef] output={null}]]]>
              </value>
            </param>
          </params>
          <reporter-output>
          </reporter-output>
        </test-method> <!-- generateTestStatus -->
        <test-method is-config="true" signature="generateReports()[pri:0, instance:tests.LoginPageTest@231f98ef]" started-at="2024-01-10T15:21:55 IST" name="generateReports" finished-at="2024-01-10T15:21:56 IST" duration-ms="1380" status="PASS">
          <reporter-output>
          </reporter-output>
        </test-method> <!-- generateReports -->
      </class> <!-- tests.LoginPageTest -->
    </test> <!-- Default test -->
  </suite> <!-- Default suite -->
</testng-results>
